2024-11-21 08:27:22,460 DEBUG    root            Loaded Command Group: ['gcloud', 'config']
2024-11-21 08:27:22,462 DEBUG    root            Loaded Command Group: ['gcloud', 'config', 'config_helper']
2024-11-21 08:27:22,465 DEBUG    root            Running [gcloud.config.config-helper] with arguments: [--format: "json", --min-expiry: "1800"]
2024-11-21 08:27:22,476 DEBUG    root            Chosen display Format:default json
2024-11-21 08:27:22,477 INFO     root            Display format: "default json"
2024-11-21 08:27:22,491 INFO     ___FILE_ONLY___ {
  "configuration": {
    "active_configuration": "default",
    "properties": {
      "compute": {
        "region": "asia-south1"
      },
      "core": {
        "account": "44676487926-compute@developer.gserviceaccount.com",
        "disable_usage_reporting": "True",
        "project": "trading-signals-proj"
      },
      "dataproc": {
        "region": "asia-south1"
      }
    }
  },
  "credential": {
    "access_token": "ya29.c.c0ASRK0GYRawvQ0m1Bjkv8_cPJTEkEE3ihB6jRRHIwgNlrTj3H4DSQeWGXiobnl5FeVScVDmrciZBwl9uG802CZd8wKoYyd_xM0keT_Ahhg2JqeSVvQ_mB5JQhiDUQPFMtZTSsniotPgDv7SieyCmzu5nP1ue02iz7LYl4kegSDhjLkt9zmWkVV7vDa7SWCWakt3Guxb_SrF7VwMKbz4bZ__Ho9JqHnvx0Vtc4ljmfG5lhu3noH_WtvwXAVIfiLd8eYqbUnKXHZjs9LEZTbtSSfzsnOyw5hrGThtuqFV77YChvuk_01ulgPRKjGRPcgrj9avv8utq601c-Qe21M3l2yR8DBgznYJczbk2FbVSrMX1nTcH6p-0f8NwofpNgfRO34lwJhE-dadnzRyAhnQcWHRW2nrKds1wFEqF7eUXxcIV_lx9fATiip1DyXFwN452De-iFp988USOXSgyR3Bop76QhBm--6SbZzXJgWUrckcodvm04BalepclM3z79t-6bt5Xrx5akmrogk5ykQ4Zcsf2x_Olxnf71O96pJc3WnoetkUBw4zQiU0hvyV_loiUV-Xzh6SoQzsaJXIWQocMoFbV6OVUpWVr7x5O5o6irZe4vJbjs4zO6wjrjrh_qYz1wuX_-uug7II1o1QxrWm7_t_fMcZu8uUVwF8yJjRe52qnrU3-7djarjv6ornOQ4Xv4lJ7gzoZY7_61RrJXQMxdIbyamr4trx_SnsgWpY2rq_OX8JasrZR_b-dIirWlo7n1S35zu1sZIZbJMXrnki3W0q71WlxZcuyy_0egWeBBc9cFMYRQ3jo_ob6adxMoJ3Vwg1r1V9yM8mXvmrqwOqyM0c7arlowu5gjkuVRtBmB_9-mZtBVzWSuQ_r624FOnh0eXQBxa8pb7wMnsV1ynY52k7X6BBQQMsMcz3OO0vSVVWvggwQpquv4X5lBM6OekgfVVi-3Oe6tuQox94xhayMt2oy46uifxiIZpxkQ4yewvRFtzsIlMp9c3BB",
    "id_token": null,
    "token_expiry": "2024-11-21T09:26:22Z"
  },
  "sentinels": {
    "config_sentinel": "/home/jupyter/.config/gcloud/config_sentinel"
  }
}
2024-11-21 08:27:22,491 INFO     ___FILE_ONLY___ 

2024-11-21 08:27:22,491 DEBUG    root            SDK update checks are disabled.
