2024-11-21 08:59:16,812 DEBUG    root            Loaded Command Group: ['gcloud', 'config']
2024-11-21 08:59:16,814 DEBUG    root            Loaded Command Group: ['gcloud', 'config', 'config_helper']
2024-11-21 08:59:16,817 DEBUG    root            Running [gcloud.config.config-helper] with arguments: [--format: "json", --min-expiry: "1800"]
2024-11-21 08:59:16,828 DEBUG    root            Chosen display Format:default json
2024-11-21 08:59:16,828 INFO     root            Display format: "default json"
2024-11-21 08:59:16,842 INFO     ___FILE_ONLY___ {
  "configuration": {
    "active_configuration": "default",
    "properties": {
      "compute": {
        "region": "asia-south1"
      },
      "core": {
        "account": "44676487926-compute@developer.gserviceaccount.com",
        "disable_usage_reporting": "True",
        "project": "trading-signals-proj"
      },
      "dataproc": {
        "region": "asia-south1"
      }
    }
  },
  "credential": {
    "access_token": "ya29.c.c0ASRK0Gbi4XH_YHDIlMEZkpwsbKIcgEFqqNWmwdtHlDaSt9quz53uY5VFVFEfsh2o6OOMbRp8vdeNtOc5I6p-GW4yQ9WF8SS5HD23vUgH36uATL_U8qgSbVU_HYxUQUME0pnar1Nfv46V49osPjRa1lEliXJWZkX3Y8KLEz94eaDiaKtAPF0ZKxpSFxeN5mKQNpOK3dlSOO4-N3iz7sDW6gHGdRaPhS4u-saYO-vM6FK86vfsr9JP97kqsec2ofBu6KqagiiWCQ0zfgDnZri8smySKklKX6Qgr1hFIPF-BlgKGeY4IPde_XFxIpVKqIakAT8daEtS9ReUQJKCJTmTQtLmC_FINnKSiya3JQDT75V2A0EL7niX9SfFr7nZgkqTQCYioMEw_U_XQgZibECGrNIaeFDJhTKZgWEppBk4gvprTgVF0vn0xHsZeOk0H453PavJ9c0zhi7n6ZyxWbjw_ZtkQjMss54MzRv91lZrMS088Ral0Zgq6Jq0mh3S5Z-FBZwSli--rw4m4uqOp_qbpkBZVy1xRwrMO26hwQ8iS5rkI0FhhalgWO6ZJ5OYJbRjn7kdMi9mRjf51Y-Iu0Q7zZYOFkOSUu0lZ5bu8rkaXF4a6t8QeZv_8-7nQ1Yz05nUWa0dR87Sq7ZBQo9R_Y1trFQn9MkRs4J4VY0yl2W5vq7mmeMFtc38St9brltR_t83zxkikhF43fIY80wmJxR1sQcRBoWZi_nInzjs9l54Sb1mJWSxwy5722kXhu8mUdYFpthjhk8zQjkoeJF39vh4RJotZdFQ9V073v90uO40xIdfXkRye7vSiSo5BfvzQ2e-giwQm3vjXf7iIjo_Fa-1ns80mUr_Jvygt0q4XFIuyu9YYcslYX4gjtiBfXuakJ_ntQdFypX_l3u9SQjZXXq_Vl8sx9J2dV6s-lw7kRZWXJn3SF0jxIp3W7S5rp9kbtqZ8fB-Vy17pWf7Ysmc94-hssZv3oc8JvV05VvrRWRQwi2vIxsfz0Znmz2",
    "id_token": null,
    "token_expiry": "2024-11-21T09:57:55Z"
  },
  "sentinels": {
    "config_sentinel": "/home/jupyter/.config/gcloud/config_sentinel"
  }
}
2024-11-21 08:59:16,842 INFO     ___FILE_ONLY___ 

2024-11-21 08:59:16,842 DEBUG    root            SDK update checks are disabled.
