2024-11-18 18:32:20,449 DEBUG    root            Loaded Command Group: ['gcloud', 'config']
2024-11-18 18:32:20,451 DEBUG    root            Loaded Command Group: ['gcloud', 'config', 'config_helper']
2024-11-18 18:32:20,454 DEBUG    root            Running [gcloud.config.config-helper] with arguments: [--format: "json", --min-expiry: "1800"]
2024-11-18 18:32:20,564 DEBUG    google.auth.transport.requests Making request: GET http://192.168.10.5/computeMetadata/v1/instance/service-accounts/44676487926-compute@developer.gserviceaccount.com/?recursive=true
2024-11-18 18:32:20,566 DEBUG    urllib3.connectionpool Starting new HTTP connection (1): 192.168.10.5:80
2024-11-18 18:32:20,567 DEBUG    urllib3.connectionpool http://192.168.10.5:80 "GET /computeMetadata/v1/instance/service-accounts/44676487926-compute@developer.gserviceaccount.com/?recursive=true HTTP/1.1" 200 144
2024-11-18 18:32:20,567 DEBUG    google.auth.transport.requests Making request: GET http://192.168.10.5/computeMetadata/v1/instance/service-accounts/44676487926-compute@developer.gserviceaccount.com/token
2024-11-18 18:32:20,569 DEBUG    urllib3.connectionpool http://192.168.10.5:80 "GET /computeMetadata/v1/instance/service-accounts/44676487926-compute@developer.gserviceaccount.com/token HTTP/1.1" 200 1084
2024-11-18 18:32:20,579 DEBUG    root            Chosen display Format:default json
2024-11-18 18:32:20,579 INFO     root            Display format: "default json"
2024-11-18 18:32:20,594 INFO     ___FILE_ONLY___ {
  "configuration": {
    "active_configuration": "default",
    "properties": {
      "compute": {
        "region": "asia-south1"
      },
      "core": {
        "account": "44676487926-compute@developer.gserviceaccount.com",
        "disable_usage_reporting": "True",
        "project": "trading-signals-proj"
      },
      "dataproc": {
        "region": "asia-south1"
      }
    }
  },
  "credential": {
    "access_token": "ya29.c.c0ASRK0GYFyQtfLyQF_S766b8Ul4gqL2Oh3a1EsSSSZjruJAMnZ39a8JKJHcpLuQ27h0-CGM8lst8leTzu3n4Ixkag6kmgmZrh9wBcfApOPpRayJQOG-jzxhsXRR4cSyc9ci28_TnF5Qby963CkUavbbBoHohUEvGERUFftCWzP_Hhyd3JaAFClJ4mCB5tPLkH1Wpydfnq0hTq-M5a2hhntzAYJPpEDGg9gJU2OHmMlSiQ8PhgNMWdGvCSimNgWAOY7NNttvQP41QcxqlDbWAxS7g3CzA183_JEPQaqFrsKn0oC2khsZZzg6WZ6ZKf_nh2TiHLsMsZZKK_wGhOEp3PDoP4RZKag2_5oiTzm1HLgPBdCrDrQ1aD7G8ckRBSY3Qx3YeeuRSGjCm5FQZZcdH4YjYvfpeja40NliN7Bq4M7nBF9O6ivh9qYbFKEv0H452A6vpf3272pkel1pZojvJv6zMIni78-JI1J0jaBnlJ0q7k9aokd19RJU35l7lMotoXghfrVdR1v2yxkUun-do6256Qioe0tbmfhwsxqpaByYStzzt4YSqqebwOS_VvB_qqc32dibrB8qxj8d3gVopdvcRjc3-ncQFJBZm8wfbI1vgxhsxM648kkO8oXi30f5nWQzRR_h0zrZojdF4odQxbauy5k8rSUhVOfSgQw7fbRX8Yrp8Ooe5Btck4wlQbyB-3q5JRiUM3ig2oXtqW2bFBw2OYajF-tf2_bstwFki8wZ4JW6fn07pYepQIpcUirOU6zkiSUxvU6nFaSYMpncc-qrd-y423rzjn9ozF8eZ6nIduJbWlj-ZiIB8Q7U7oxhZlhlxV4dy19u6einjM4On4r0_bjZp8gw9tf0Y4asOkR0a5kzB5tYiWSBXRjMdnu3Jfz5p9pihRO6yuhMgRnfRBlqpulBVrOdsgf5iUVd4j7ilB6yk301goFUV4h_UiFx9URv3simmIw0WBMnz5za8haMXu0baiQMUci1u66bVxhxac4VObdd8xuVm",
    "id_token": null,
    "token_expiry": "2024-11-18T19:11:00Z"
  },
  "sentinels": {
    "config_sentinel": "/home/jupyter/.config/gcloud/config_sentinel"
  }
}
2024-11-18 18:32:20,594 INFO     ___FILE_ONLY___ 

2024-11-18 18:32:20,594 DEBUG    root            SDK update checks are disabled.
