2024-11-23 04:58:13,063 DEBUG    root            Loaded Command Group: ['gcloud', 'config']
2024-11-23 04:58:13,065 DEBUG    root            Loaded Command Group: ['gcloud', 'config', 'config_helper']
2024-11-23 04:58:13,068 DEBUG    root            Running [gcloud.config.config-helper] with arguments: [--format: "json", --min-expiry: "1800"]
2024-11-23 04:58:13,080 DEBUG    root            Chosen display Format:default json
2024-11-23 04:58:13,080 INFO     root            Display format: "default json"
2024-11-23 04:58:13,094 INFO     ___FILE_ONLY___ {
  "configuration": {
    "active_configuration": "default",
    "properties": {
      "compute": {
        "region": "asia-south1"
      },
      "core": {
        "account": "44676487926-compute@developer.gserviceaccount.com",
        "disable_usage_reporting": "True",
        "project": "trading-signals-proj"
      },
      "dataproc": {
        "region": "asia-south1"
      }
    }
  },
  "credential": {
    "access_token": "ya29.c.c0ASRK0GYwHuY6vbW_4-99Hd36Lm4ofh17ajHlwXuf5-04MzjzSdN3pBB0QVFEjOrYWCKjMwI2zyTsVnl63mR9CLCpjB_SRRAY_1puJVgLyGOgRAGZw1-9KNhykuEMtTkHtwrno2SW4EmUMkDdaDY1aNDKoyL_HV248F-li3An46tc9-q8Eh5bjnaW5Nw7SCJnovRhYYQcHyq1MIpu-7_haQDwCiFfhUshPO_TFMkFU0MPWpCoWVT3JIQe0vbyr4DuonDtQQzdtWroC9aX7CvwR0DzS8Z3PhEB0b6bxKh57LKTmjEr-ZAchjDmmCkv5uJ0hT8WKn5ZXW08furvQuhiW6vDe5-uy3Fb6xQH2_0tytsKKTDkGuEXDJHJNngCs2E9vxs-n5ioojrcFstcBCkZRzkorc7yhJauoB7vPVPAs5pfnBplnrSb6lVshFQG452Kdnp1kdZ9zYRVR68enrov1u_e4v31RzFUt1XiRvFfnoUxMy7ysR2gsf2q0sJnu8sB3ejz8a_sY-acxid0F03w6nxSkIBQj46RtzYW2MepxRORx7ao7v17hW1xBhd9tmt2X7r2Zdf-S5MWq2-OUWVUnj_qu_syo1ZRf4uk3yUdFxrkYd-m7U2xoa9SuQYdtedphrajwsfOyQa3WgqsRnVQFgeq8nUY5wt1s4YSl5o0Io7ZU7ZyBfeIul88WzcakaUvjRr0ip-6F8R-BYbmO74kQYfsikM477wnpvZnJic31Z5145fj-O1rWkkBRSmOJzF6cufzhbgxBlqmWJw69p1pc3615-mf1FFk2qUJQ3vOw91gm9ax2qm6dfOuJjcIzIWh4-v1VROxetvkXq3QiZ7l175RpvishubJfW_IlkQFem75O5i-nW9w2J6vz-y50_Ja1O7hmmq_4SFnI9cpf92JaoRkYpV5RQQ0guk4uVJFJ7gMBvnjr4MdpkV2lo42JXik1cIuY6ckjJFZudy-F2lgRaSIB4ye2adnXYrZ3Yse2gSdyQnq4Jxr5OO",
    "id_token": null,
    "token_expiry": "2024-11-23T05:57:28Z"
  },
  "sentinels": {
    "config_sentinel": "/home/jupyter/.config/gcloud/config_sentinel"
  }
}
2024-11-23 04:58:13,094 INFO     ___FILE_ONLY___ 

2024-11-23 04:58:13,094 DEBUG    root            SDK update checks are disabled.
