2024-11-24 06:47:33,876 DEBUG    root            Loaded Command Group: ['gcloud', 'config']
2024-11-24 06:47:33,892 DEBUG    root            Loaded Command Group: ['gcloud', 'config', 'config_helper']
2024-11-24 06:47:33,896 DEBUG    root            Running [gcloud.config.config-helper] with arguments: [--format: "json", --min-expiry: "1800"]
2024-11-24 06:47:34,194 DEBUG    google.auth.transport.requests Making request: GET http://192.168.10.5/computeMetadata/v1/instance/service-accounts/44676487926-compute@developer.gserviceaccount.com/?recursive=true
2024-11-24 06:47:34,197 DEBUG    urllib3.connectionpool Starting new HTTP connection (1): 192.168.10.5:80
2024-11-24 06:47:34,198 DEBUG    urllib3.connectionpool http://192.168.10.5:80 "GET /computeMetadata/v1/instance/service-accounts/44676487926-compute@developer.gserviceaccount.com/?recursive=true HTTP/1.1" 200 144
2024-11-24 06:47:34,199 DEBUG    google.auth.transport.requests Making request: GET http://192.168.10.5/computeMetadata/v1/instance/service-accounts/44676487926-compute@developer.gserviceaccount.com/token
2024-11-24 06:47:34,200 DEBUG    urllib3.connectionpool http://192.168.10.5:80 "GET /computeMetadata/v1/instance/service-accounts/44676487926-compute@developer.gserviceaccount.com/token HTTP/1.1" 200 1084
2024-11-24 06:47:34,215 DEBUG    root            Chosen display Format:default json
2024-11-24 06:47:34,215 INFO     root            Display format: "default json"
2024-11-24 06:47:34,359 INFO     ___FILE_ONLY___ {
  "configuration": {
    "active_configuration": "default",
    "properties": {
      "compute": {
        "region": "asia-south1"
      },
      "core": {
        "account": "44676487926-compute@developer.gserviceaccount.com",
        "disable_usage_reporting": "True",
        "project": "trading-signals-proj"
      },
      "dataproc": {
        "region": "asia-south1"
      }
    }
  },
  "credential": {
    "access_token": "ya29.c.c0ASRK0GZeI_c3ePa4X84wOuM-lXSQo1OXnptu6eZzloBhnoHT6hk_F6FQZgTksVyiFU3gF-aMSNwpb86zQOtKH1hjzXRLTysRy-kykcXM7mWaJf5_FnPgi6ylnZmGGD1mXdaVSY0Ys_QE2_nQ187RfvXCyrEuIvngvqyqNFDjuVqpDrNoECaz9maMkgHgs1GU9pDui_NJePAEct7DEgQw5MSE8Ksvclch13r4olYrAhyXclz1WiPs6xQhAwIpUZa1gmnub63jVYVWw4bRmKfJlnrSO_6XmAUbgRwQoKvFG_DA58YtGQdbAlO3L03Ls34ItlLWtRxYphuOUMEpUaSOJ41biqWAixjSqZpN3I_twaTONLdR_eyJsSJ0lAhyFLP3KVBDgtK4vQOpQk7lKJjnzITp9mffkZqJxIWMmMqLxZNfKDs1NaHwkXN-XCuzN453Ank4XYwZ0qmen8r7xS2YuFml4JYnI6Jmh5OMlx1927ec9Jkw0aRj3xytxm1i5Zs5--xI56Ms_36UnaMXlJFhde0138oobbfvsS9dp0wlyin084pIRjcu99JZOtJ1iIJgd7Sn43w9Zc2-otu9Y6Zdw0id-Iti5R3-W3RVyIB0Yb_pifW3aZs2nxnzIytOymq6irzxhSO1-Uh3qR8gIBscZ9o59xB349pgMhY8iQYe_h7hoq2xXX76SpY-6VnX1Xf1gyhQFyFleFIBY2Mm2yy6mbzshr4Zp1s7zt7_pe4ridgF0znwMQV8otBlkYYj7mZb1uMvmqBckeeWOkXJkYxY55OQvtjlwBn6v2kpzOum5qvdedwVXSlyb7p38-Ze8YW__Ffn5q-mweiSMgJzyrk8Qecmfg6Mpl1vso4n00_dzIWOjqs9Rlr7hFBqOSfpI0rzoR_ljIcasic3jf4uplkiFupRugZe6J_5eW20l_2eYhgxRWnuoBUf-MhwZ9JfvoYF2zrXyu-ss0kWx7SdQofWh0pkYwczbwO5SoV6tScrzdJbaw9BpuzxwXO",
    "id_token": null,
    "token_expiry": "2024-11-24T07:46:54Z"
  },
  "sentinels": {
    "config_sentinel": "/home/jupyter/.config/gcloud/config_sentinel"
  }
}
2024-11-24 06:47:34,359 INFO     ___FILE_ONLY___ 

2024-11-24 06:47:34,360 DEBUG    root            SDK update checks are disabled.
