2024-11-24 09:40:00,707 DEBUG    root            Loaded Command Group: ['gcloud', 'config']
2024-11-24 09:40:00,709 DEBUG    root            Loaded Command Group: ['gcloud', 'config', 'config_helper']
2024-11-24 09:40:00,713 DEBUG    root            Running [gcloud.config.config-helper] with arguments: [--format: "json", --min-expiry: "1800"]
2024-11-24 09:40:00,724 DEBUG    root            Chosen display Format:default json
2024-11-24 09:40:00,724 INFO     root            Display format: "default json"
2024-11-24 09:40:00,739 INFO     ___FILE_ONLY___ {
  "configuration": {
    "active_configuration": "default",
    "properties": {
      "compute": {
        "region": "asia-south1"
      },
      "core": {
        "account": "44676487926-compute@developer.gserviceaccount.com",
        "disable_usage_reporting": "True",
        "project": "trading-signals-proj"
      },
      "dataproc": {
        "region": "asia-south1"
      }
    }
  },
  "credential": {
    "access_token": "ya29.c.c0ASRK0GbyyiMoJoYkpZ-qHJj63QVFPLOVdMsMvXU0i4HoMKpDnFul2-RNI5Yci494GYpkTslwNvW4m5Uv7zl0bI9ANXqfj3l3jeS28yTwWMaRXzmyWeCwkZJnEc_onAoKXpQg6cX6heXiI6w7bdg2tP9GRQW7gS0diZDtjU0tGL_hxhjk48pB452UYqYeDWWKgmUEMqVkjA40Osmzs6gorwOpJ-7YKoMtY-zA5EwyTEd10ljoQVumNrMyOi6XGoArKsBqdwycKQdum7cPQU6vodMvpm9iKqo2490spe5D1E2BqhfOiQA_S-Cn72pvofEYj_s6M69LcgSNTYWwNo2uFXFb7kNargp4a6fZVTfgLO7wZGASUbU8Oa3x7mcH0hTPIT6I6mruEnb2spnq5smeGHpM4_lYK3OedWFrBXZtVFoIsk5Pgr1DGypzT449PVnfwegVIVwjS32nVlufFXZM8uhrZgFU-k743XfRnB6ts0B3O_0QoVyaZ72lMnfcqaY2OonVq7R0IVoxwf9FleVpMXwJnbr0gqc0S2zQ7JlX7rwYmMJrqIk8gqFg29kjQhsYaYJkR9Of5nnUjfuh0ailqumUy8Rn8c8qhOqcBWWe3e7OmXX9v3MwlSpQWQYnekjhBb2JYR51YdofMI8hlpl_sSRJ69Qo7czpOkZvB-Fvt1jZ8XhegRWtyhaumsrumhcOkqtxMro5F3RJccI-pn5ihS73wzroWbasB9ru3idMek4ghum1otfkWF4sUI-8_7Sxb-4v6b3yYFvtbokmezlb0vStq5le20ImS2mf6v6VnZR7gr3sgQrURix5vSB_R7YQwyshaOVc56fosVv_uc0pzrnZrw4OhVepnUxslrw2IcrOXm8xVi5Il2wpF4rnuB8qII14JWion-_FzhifhhZg6_pk6UsYfl_tSF9h26R_kYYX6JMcjjiFtssn8h7ebe7x_uWX_BY5wnf42QBWtogF79j5xiptw0ushuVdB6gp3ZQv7ysonR937Rp",
    "id_token": null,
    "token_expiry": "2024-11-24T10:38:30Z"
  },
  "sentinels": {
    "config_sentinel": "/home/jupyter/.config/gcloud/config_sentinel"
  }
}
2024-11-24 09:40:00,739 INFO     ___FILE_ONLY___ 

2024-11-24 09:40:00,739 DEBUG    root            SDK update checks are disabled.
