2024-11-24 13:30:26,624 DEBUG    root            Loaded Command Group: ['gcloud', 'config']
2024-11-24 13:30:26,625 DEBUG    root            Loaded Command Group: ['gcloud', 'config', 'config_helper']
2024-11-24 13:30:26,629 DEBUG    root            Running [gcloud.config.config-helper] with arguments: [--format: "json", --min-expiry: "1800"]
2024-11-24 13:30:26,639 DEBUG    root            Chosen display Format:default json
2024-11-24 13:30:26,639 INFO     root            Display format: "default json"
2024-11-24 13:30:26,654 INFO     ___FILE_ONLY___ {
  "configuration": {
    "active_configuration": "default",
    "properties": {
      "compute": {
        "region": "asia-south1"
      },
      "core": {
        "account": "44676487926-compute@developer.gserviceaccount.com",
        "disable_usage_reporting": "True",
        "project": "trading-signals-proj"
      },
      "dataproc": {
        "region": "asia-south1"
      }
    }
  },
  "credential": {
    "access_token": "ya29.c.c0ASRK0Ga4rv9R8OBosLjAFzGrT4EVmPyjwiu-3wUeGQW1eosTboK3OduDBPBKeejcg5B1G6eLmY2YMgCh2i_085tx2CuKztVr2fPL-Pd4YMZ07QXqgpCx_ma17PsH8tTluSouqGhXQ7dE4ZzbeYq1DTRuS7-k8rRUQfxr0krSySGB1LiZlaqRQScKpJkvQrsxh_x2nU4q3SeT8tb0xvvoFeXZbGF6jSSY3CoQxeVc9sh-4sEdi1oBTo0qNuRlQfKB0GXteRsFc1fS2W2bUxwx3gL2lzXxaw0TYY11Reig4hr7kXIR3Olw4Y-U4RvIcrwSPeqFJDk-jcFHvSJ11PM7XPeBUI9BWIsgZJIGmmnp4Sfg7fv96bQrZAdg1OsFn8qervWfvwLNVPY2VUmqoVYkfE_xZ1Hi7C5C9M4Dsp4RyhwyKyyGkplgxKgTL449CMRnvBZmu7fjU-5RgMOszf4nYaXa_BxRMIFSJ060c4um5sR_7XrM7QbVk10sRsa7h-WY95_rsokBXB5Yx2ldsai_BY9jM5Wn5ufFnZ-yIUW-euSxJiJrcvIIqkyQvQ7JWrg6UpfiIBUZRQ52hdsp8lccUBhw587dvuwZ1qQ7_4kQSsMFzd4BJY_hMf8jIXInd_20u3WMseoYnxcZ9ee5ZyoVc9kwFv6X2BfI5RJn1t2gwvkhvfRqv13OmwYdVe733zxuakwXiSijuWzmi1dSYi98FY2Y_aI5bvOB1npUns2cZRIrybbMYtYasZ6R8x8Um8p4mys-qsU7k4wtadjaab_5vt8ynUbJIB76B3qo4ptqBVug_WyFsZxopagoqmMzrlIwcMMuQmfbS2F7imVfrd5__Y4OU8dpRjMkYg6xygki2XefpX2tlyss3jWBtBe9eq6Zgnrrw4plyRiMglFxq1nBcd5FdtqF3BlJRg6-7Ftw7udoyRibB71J8zJthelcodRvOW7z1JXVZ51BF6g473vtQ9Wtru_ys2FvgvWkBYiiqWB8sUyV05db2bx",
    "id_token": null,
    "token_expiry": "2024-11-24T14:29:42Z"
  },
  "sentinels": {
    "config_sentinel": "/home/jupyter/.config/gcloud/config_sentinel"
  }
}
2024-11-24 13:30:26,654 INFO     ___FILE_ONLY___ 

2024-11-24 13:30:26,654 DEBUG    root            SDK update checks are disabled.
