2024-11-24 16:58:20,491 DEBUG    root            Loaded Command Group: ['gcloud', 'config']
2024-11-24 16:58:20,528 DEBUG    root            Loaded Command Group: ['gcloud', 'config', 'config_helper']
2024-11-24 16:58:20,532 DEBUG    root            Running [gcloud.config.config-helper] with arguments: [--format: "json", --min-expiry: "1800"]
2024-11-24 16:58:20,821 DEBUG    google.auth.transport.requests Making request: GET http://192.168.10.5/computeMetadata/v1/instance/service-accounts/44676487926-compute@developer.gserviceaccount.com/?recursive=true
2024-11-24 16:58:20,824 DEBUG    urllib3.connectionpool Starting new HTTP connection (1): 192.168.10.5:80
2024-11-24 16:58:20,825 DEBUG    urllib3.connectionpool http://192.168.10.5:80 "GET /computeMetadata/v1/instance/service-accounts/44676487926-compute@developer.gserviceaccount.com/?recursive=true HTTP/1.1" 200 144
2024-11-24 16:58:20,826 DEBUG    google.auth.transport.requests Making request: GET http://192.168.10.5/computeMetadata/v1/instance/service-accounts/44676487926-compute@developer.gserviceaccount.com/token
2024-11-24 16:58:20,828 DEBUG    urllib3.connectionpool http://192.168.10.5:80 "GET /computeMetadata/v1/instance/service-accounts/44676487926-compute@developer.gserviceaccount.com/token HTTP/1.1" 200 1084
2024-11-24 16:58:20,842 DEBUG    root            Chosen display Format:default json
2024-11-24 16:58:20,842 INFO     root            Display format: "default json"
2024-11-24 16:58:20,921 INFO     ___FILE_ONLY___ {
  "configuration": {
    "active_configuration": "default",
    "properties": {
      "compute": {
        "region": "asia-south1"
      },
      "core": {
        "account": "44676487926-compute@developer.gserviceaccount.com",
        "disable_usage_reporting": "True",
        "project": "trading-signals-proj"
      },
      "dataproc": {
        "region": "asia-south1"
      }
    }
  },
  "credential": {
    "access_token": "ya29.c.c0ASRK0GaooAj81zQccRMDEoegEWSuIjId5dflG5EyYrLGAiLyEDV2uBaKW0toxwCXnrS3gXPQc58vNEtgjDiC4vqxjmVWW32NJO-kpJd4V1T-SgEbhlpP2pRewT_uiR9LOUJVj39MsVJXF-G8rXg-7NSfytB7WkoL9Sml8uR_Fq36YA-UrmEA5LDoeNb-bdlRB4d7wiB6SAs2zAv1ARNcDtkaJkmQisQSLLv4-ppJVOBo5jaeV96M42069HcnI02vbFCmLYRqHBUqLwPwMl0TCjQeBYeSSdA4ROd5AWma-1vooL4-tXmOLf6PpiZZFTPUcJANmDs41l-1N7wqQRI4RN9FialUL5uh_PSEIKs6Nioyso7gtaVlsZBqsA8yrCN2AsCg0NSM4vzYxiSZ60PGAn4-2XM7cbIvXMV5qH4rXXOzMswdW5_zMUzrwKFcDgE455DcRZO2pfs5ealVBRv5k6lo3MiS9Z1FBxx03Jho_6vUnz1vW4__V90aU4xu130drejl25qzIb-yp2awS8guyR6JM90d0-U0y71y8XSFlpRi82tnYy4hVMf4plh4dx-1rtXW5rQpXgB1yOYUyWwxfIgwV6nbiuiiOSWnwsiiRIjzcgW33nqlglIvnfoR0Q18tq5MFn5Ziv6oztXveIX_h6c-tJ3p2U817mipw2ycdo-XbfVpeR10ZWF_bbZf_u33zqmW7tm8Xy_Xlr6XtqIv-6_3lZ_q7pOqc_gvRoSmawzOo63SBWIiI07_Ogpft53j22873nwa0RwV8S9m-vbSx29Wice49sZcrwd7IIYytfBw_W8wn6pl8zj9XZnFY1rbkgqw17pvskd5F8feq_pMWeOgrMF6rsfYOsYlbyqMbS2xhjp0k5okxwnpt3mbZRQ2nIRkjMuXxMFX_VbFnFvsM-dstQbj7fia2YVikuvW7ZdZ2X0Oku7JOSo9iOU6RfWqRqXQU8I8kMi18X6wmOSoXRIi2Y1eZpf6M0QpajszodrMZoz_2Uwok3M",
    "id_token": null,
    "token_expiry": "2024-11-24T17:57:44Z"
  },
  "sentinels": {
    "config_sentinel": "/home/jupyter/.config/gcloud/config_sentinel"
  }
}
2024-11-24 16:58:20,921 INFO     ___FILE_ONLY___ 

2024-11-24 16:58:20,921 DEBUG    root            SDK update checks are disabled.
