2024-11-20 03:41:18,171 DEBUG    root            Loaded Command Group: ['gcloud', 'config']
2024-11-20 03:41:18,194 DEBUG    root            Loaded Command Group: ['gcloud', 'config', 'config_helper']
2024-11-20 03:41:18,198 DEBUG    root            Running [gcloud.config.config-helper] with arguments: [--format: "json", --min-expiry: "1800"]
2024-11-20 03:41:18,672 DEBUG    google.auth.transport.requests Making request: GET http://192.168.10.5/computeMetadata/v1/instance/service-accounts/44676487926-compute@developer.gserviceaccount.com/?recursive=true
2024-11-20 03:41:18,675 DEBUG    urllib3.connectionpool Starting new HTTP connection (1): 192.168.10.5:80
2024-11-20 03:41:18,676 DEBUG    urllib3.connectionpool http://192.168.10.5:80 "GET /computeMetadata/v1/instance/service-accounts/44676487926-compute@developer.gserviceaccount.com/?recursive=true HTTP/1.1" 200 144
2024-11-20 03:41:18,677 DEBUG    google.auth.transport.requests Making request: GET http://192.168.10.5/computeMetadata/v1/instance/service-accounts/44676487926-compute@developer.gserviceaccount.com/token
2024-11-20 03:41:18,679 DEBUG    urllib3.connectionpool http://192.168.10.5:80 "GET /computeMetadata/v1/instance/service-accounts/44676487926-compute@developer.gserviceaccount.com/token HTTP/1.1" 200 1084
2024-11-20 03:41:18,697 DEBUG    root            Chosen display Format:default json
2024-11-20 03:41:18,697 INFO     root            Display format: "default json"
2024-11-20 03:41:18,831 INFO     ___FILE_ONLY___ {
  "configuration": {
    "active_configuration": "default",
    "properties": {
      "compute": {
        "region": "asia-south1"
      },
      "core": {
        "account": "44676487926-compute@developer.gserviceaccount.com",
        "disable_usage_reporting": "True",
        "project": "trading-signals-proj"
      },
      "dataproc": {
        "region": "asia-south1"
      }
    }
  },
  "credential": {
    "access_token": "ya29.c.c0ASRK0GZxE04JLac_zh4ARYXMq7E5DEQxlWZxb26nIT1_qAE5Lh3ZJUKidQRmmn1BHVtkRjhYp2fvgS2bzoR6Qudsnxod-6xE1ovGSftUyv-ktAloe8viuOpfRSbetD76_-I8kjpOLJoS__wzctc0il8yfbKlSLdpmTM2N8JW37UrPzGtY9B_IGb5DK0tsuDr4DycTWw4oTPY-OgSRgdLB1n9H8F6HTLxASUKRogdGy4pLpDlM8aSKWuIsHz1z0C7WdybWM4UcEcV0lgtvCp8QESqg8Vzd4a-px7buZkK_Ah0l9YvjFRFC6D-u_p9GOS_j1aVWxR0jPKsSiy8bL2S36BarEcdzyWN4mteHP58fhD4PJneSacX0QHZ5Y_k3uBfaE5CkeJgqpED-gpoyDHHqoWQu--0N5uRTfQv0NBytYVUq3UgROqzu4KgwwH451CWZl3kbefaZi8s21InmQkXbi0Wi4BWiuVefBjQQ9MXxqbtUggxxdOu8ssjkMBl5gZ0piuZlfk264c6eFWeB684rIsnOnyW69FeiJoOmFUektr4r_uZXdfQfShZykxw8fymI57h0m3oiFb9_drb0c4MfcY5Zp7Qz17Obxv3duUoVhjQQMQcZIMSZIZnI5tc4h0ajfObd5ldZ2Vms5_B_SWqcdRrchVnygU_VJWlBwbOgfOj6c1u7B5I5kR0g0h1i8WMaa0ZV4Q95zwW2gxF7Or_kS-x84Ykx8qdtjoVqc86O99RdkbBx3MsJ17bqoFIebno0qrppJX9o805rYbQ9n7r1Oydiuya0elQu6WU9nYYBnhk5bI7oYsapVUjnck9OvrW6eYg3exe8p5az24Zj9k2QIySzZocqqgZxhFsJ_ZMgi6m9u0xspxnhfb1hSiFQcYsekiQ-cWrfvXWke9eQen510Q2ntJIwl5niIoojRdZUcSrRfm7i-0YiFYSatgMgUQ13JZvgR7oFunVSnk_I15lapnitvYzR5aOOnudiyVkMMtklIza2yavI85",
    "id_token": null,
    "token_expiry": "2024-11-20T04:40:16Z"
  },
  "sentinels": {
    "config_sentinel": "/home/jupyter/.config/gcloud/config_sentinel"
  }
}
2024-11-20 03:41:18,831 INFO     ___FILE_ONLY___ 

2024-11-20 03:41:18,831 DEBUG    root            SDK update checks are disabled.
