2024-11-20 05:24:04,618 DEBUG    root            Loaded Command Group: ['gcloud', 'config']
2024-11-20 05:24:04,668 DEBUG    root            Loaded Command Group: ['gcloud', 'config', 'set']
2024-11-20 05:24:04,670 DEBUG    root            Running [gcloud.config.set] with arguments: [SECTION/PROPERTY: "project", VALUE: "trading-signals-proj"]
2024-11-20 05:24:04,724 DEBUG    urllib3.connectionpool Starting new HTTPS connection (1): cloudresourcemanager.googleapis.com:443
2024-11-20 05:24:05,123 DEBUG    urllib3.connectionpool https://cloudresourcemanager.googleapis.com:443 "GET /v1/projects/trading-signals-proj?alt=json HTTP/1.1" 403 None
2024-11-20 05:24:05,126 DEBUG    root            Chosen display Format:default
2024-11-20 05:24:05,145 WARNING  root            [44676487926-compute@developer.gserviceaccount.com] does not have permission to access projects instance [trading-signals-proj] (or it may not exist): Cloud Resource Manager API has not been used in project 44676487926 before or it is disabled. Enable it by visiting https://console.developers.google.com/apis/api/cloudresourcemanager.googleapis.com/overview?project=44676487926 then retry. If you enabled this API recently, wait a few minutes for the action to propagate to our systems and retry. This command is authenticated as 44676487926-compute@developer.gserviceaccount.com which is the active account specified by the [core/account] property.
- '@type': type.googleapis.com/google.rpc.Help
  links:
  - description: Google developers console API activation
    url: https://console.developers.google.com/apis/api/cloudresourcemanager.googleapis.com/overview?project=44676487926
- '@type': type.googleapis.com/google.rpc.ErrorInfo
  domain: googleapis.com
  metadata:
    consumer: projects/44676487926
    service: cloudresourcemanager.googleapis.com
  reason: SERVICE_DISABLED
2024-11-20 05:24:05,146 INFO     ___FILE_ONLY___ Updated property [core/project].

2024-11-20 05:24:05,147 DEBUG    root            Chosen display Format:default
2024-11-20 05:24:05,148 INFO     root            Display format: "default"
2024-11-20 05:24:05,148 DEBUG    root            SDK update checks are disabled.
