2024-12-10 03:54:15,452 DEBUG    root            Loaded Command Group: ['gcloud', 'config']
2024-12-10 03:54:15,454 DEBUG    root            Loaded Command Group: ['gcloud', 'config', 'config_helper']
2024-12-10 03:54:15,456 DEBUG    root            Running [gcloud.config.config-helper] with arguments: [--format: "json", --min-expiry: "1800"]
2024-12-10 03:54:15,467 DEBUG    root            Chosen display Format:default json
2024-12-10 03:54:15,467 INFO     root            Display format: "default json"
2024-12-10 03:54:15,484 INFO     ___FILE_ONLY___ {
  "configuration": {
    "active_configuration": "default",
    "properties": {
      "compute": {
        "region": "asia-south1"
      },
      "core": {
        "account": "44676487926-compute@developer.gserviceaccount.com",
        "disable_usage_reporting": "True",
        "project": "trading-signals-proj"
      },
      "dataproc": {
        "region": "asia-south1"
      }
    }
  },
  "credential": {
    "access_token": "ya29.c.c0ASRK0GZa6unEFKw7IRQMUZt6UhGmzfjoSISob87LiWFLFSBQGbpLFrAbEBDj8rD5HqJbv25TpNFmI7TNn0aeYCEAnwsLgLjFlG4UtvuSI8yHYyfmc-XNB2mkqgmy7DnmWW8H1BAv3mWwaOmsUbYPul-GlQc7OY967vW88u54nGREGWVHrCMZx_9TIPGo9bkA_ugtQHDZeDxYvSVd8qIDZB6KOLBz46MqPIJpR3HT-UcQ8MugY88h_T6ArnSbTDHjolHGzcKK834wimiKc5-Nl_8CMfqZq3OZ2czBQxSRNIpzqBsyOfpLy7zDAsdmLDNNAo9NqJ1aI-gh-mYDceo_5QVxpUKWXmWIHgNA6DBCFDaFEjuQQ9w1od-9RFYh_N79RvDzcSvyWs6mXwQ789nSqzdNF0YNDNjp2LGTqSCtK7dstKj9ghW-6AH_CwL451C_g5zBd4O6wJrwBS581g4kegVaQSB4JM1fu6x2MqMWswj-zi2R4J70Qg5QrxJ9VIezvMlm5eh-W03fMOinJyRQSWq5IMUBXrva0FFVf7ogi7eS4a3iiUukXUZv8j41emollR5mwiuWQlRrUBIbr9-ZY8U2ZlY4Ws-Of4vuI5lzouwByIdzi3Orzp9p9eyo9MYxMX39vcWfJ_RzeV33rMB139in-i_pFdowa7h0MaJJS2jeVmv2c6s1tthhsMF-0W8wVX1spn7eiS_F2siOSoY1aaWJn7ekYRyv5F1Jx2kaW3w6o3vyk5XZ_I2fhxOX88BZSljUY5X5JjlcSYn58SBJMpR5Xa7ekUOqaXJwZa-qMaB_m6ytbhyoYlp9fofOJb0-13V4egbUe-nsiYd6uI-kZddg5Oxg-7isgB_-qhIZimSnFSuQy-jOxuxYekeZ9jh_VOt6M06mRYslrYBcypZWWS7XekVpx1S2OJ6Rs4SVSkii-Q7vqo3ObS2Z89eWiQ_1zIoFnzbv_swqbOp8nZqWV0VWwUeO7OZlv_x676VnfpdWdvtij4VlnY7",
    "id_token": null,
    "token_expiry": "2024-12-10T04:49:43Z"
  },
  "sentinels": {
    "config_sentinel": "/home/jupyter/.config/gcloud/config_sentinel"
  }
}
2024-12-10 03:54:15,484 INFO     ___FILE_ONLY___ 

2024-12-10 03:54:15,484 DEBUG    root            SDK update checks are disabled.
