2024-11-17 11:10:58,386 DEBUG    root            Loaded Command Group: ['gcloud', 'config']
2024-11-17 11:10:58,415 DEBUG    root            Loaded Command Group: ['gcloud', 'config', 'config_helper']
2024-11-17 11:10:58,418 DEBUG    root            Running [gcloud.config.config-helper] with arguments: [--format: "json", --min-expiry: "1800"]
2024-11-17 11:10:58,745 DEBUG    google.auth.transport.requests Making request: GET http://192.168.10.5/computeMetadata/v1/instance/service-accounts/44676487926-compute@developer.gserviceaccount.com/?recursive=true
2024-11-17 11:10:58,748 DEBUG    urllib3.connectionpool Starting new HTTP connection (1): 192.168.10.5:80
2024-11-17 11:10:58,749 DEBUG    urllib3.connectionpool http://192.168.10.5:80 "GET /computeMetadata/v1/instance/service-accounts/44676487926-compute@developer.gserviceaccount.com/?recursive=true HTTP/1.1" 200 144
2024-11-17 11:10:58,750 DEBUG    google.auth.transport.requests Making request: GET http://192.168.10.5/computeMetadata/v1/instance/service-accounts/44676487926-compute@developer.gserviceaccount.com/token
2024-11-17 11:10:58,752 DEBUG    urllib3.connectionpool http://192.168.10.5:80 "GET /computeMetadata/v1/instance/service-accounts/44676487926-compute@developer.gserviceaccount.com/token HTTP/1.1" 200 1084
2024-11-17 11:10:58,768 DEBUG    root            Chosen display Format:default json
2024-11-17 11:10:58,768 INFO     root            Display format: "default json"
2024-11-17 11:10:58,815 INFO     ___FILE_ONLY___ {
  "configuration": {
    "active_configuration": "default",
    "properties": {
      "compute": {
        "region": "asia-south1"
      },
      "core": {
        "account": "44676487926-compute@developer.gserviceaccount.com",
        "disable_usage_reporting": "True",
        "project": "trading-signals-proj"
      },
      "dataproc": {
        "region": "asia-south1"
      }
    }
  },
  "credential": {
    "access_token": "ya29.c.c0ASRK0GYf6wa23BadeavrmNJeFE_HjPejtcsBLZU77w8c9NmEPvq7-TNAQMGV9OD31t9ZmucX4zZol2FWWBmyzH5M2AMFPQVjBX53O3uXEn3nlS8oQAe-Cmf6Ydotf447xB65JPP4fEXrUYnLwp3LV2kg515D6sg9Y6RUiX4g-ysdBxYCsBakSr70kZdpTTR4SNatz3fKIgsLZJsbVSaM1IOfLC-d5tPiQc76_W4POBooRjoRUDMmWrzrlpDimQfyrGwOAiqThEA27arhe0b1WZDfIviGNnAfzeCS1QGa067gYQiRynJD3r-iQJ7qzpkJTYgX6DnywrLZaHfEbs1jzMJNzgjWdoTa09skPKRiPdeMyeD0TOwSAZzXVb7DIJIhIxNoUgNhi-lAcD6qYIefTaP1CHUFyYvsX-E16RnZxjJ5qOAuZEIzCBoH448Pnlm-rSsOzteghXt4kmy9b_6lWByeFkxpQewIa69du22wov1Fu1a0Fo8tvqr1mmZrUzOvQBvfVRJBo3k6vyB548BI_BMgptaU2qeVes3ypO44jWoslQQ6bOqs8p2WUioce8wRjfuxxpdsQltgtt4mI5Sjw0eBUgiWxzxpy6jXeb-FFmp_RSY5f0ihYln4BV6Vy6Ztfq4Ip3iJtInwpuZd94l4xZ8Oh7z32ao0Mr85cbB0keFi7jd6XB1h2qI2cU9-Qvn3jbqe81UM2FUXtMM-Ff-scZijolzRs4b5Q4kWrQkbBjQmrYfJ26Xs2Soylw4V5rI4vZJcM3djdZ9fUS8tF8phYwJRzIhJexlhS7Rb1_6fx8hQJxgqlIF0uo42Fm4oWYh7zaZWhmuIvBIOwkv9FIz0OllpgjudShJccS6kVWuFa82lq36WbM9yOpJnee6Ur10BomW0B629QRu4B3n3RiUrukoW1ontdndXhjjJQ6Vge4u-Up5MhbocImRBcO9x8mY-8FQbm9Iyjv5YsoJeBvFBz_dn9Mzpp0o-u33JbZbO6ZfbXFwa_oBqVqR",
    "id_token": null,
    "token_expiry": "2024-11-17T12:10:19Z"
  },
  "sentinels": {
    "config_sentinel": "/home/jupyter/.config/gcloud/config_sentinel"
  }
}
2024-11-17 11:10:58,815 INFO     ___FILE_ONLY___ 

2024-11-17 11:10:58,815 DEBUG    root            SDK update checks are disabled.
