2024-11-17 12:41:27,932 DEBUG    root            Loaded Command Group: ['gcloud', 'config']
2024-11-17 12:41:27,934 DEBUG    root            Loaded Command Group: ['gcloud', 'config', 'config_helper']
2024-11-17 12:41:27,937 DEBUG    root            Running [gcloud.config.config-helper] with arguments: [--format: "json", --min-expiry: "1800"]
2024-11-17 12:41:27,947 DEBUG    root            Chosen display Format:default json
2024-11-17 12:41:27,948 INFO     root            Display format: "default json"
2024-11-17 12:41:27,962 INFO     ___FILE_ONLY___ {
  "configuration": {
    "active_configuration": "default",
    "properties": {
      "compute": {
        "region": "asia-south1"
      },
      "core": {
        "account": "44676487926-compute@developer.gserviceaccount.com",
        "disable_usage_reporting": "True",
        "project": "trading-signals-proj"
      },
      "dataproc": {
        "region": "asia-south1"
      }
    }
  },
  "credential": {
    "access_token": "ya29.c.c0ASRK0GZzN8686HF3xH7tvHEAqBQ1oHgb2ZAp2sifbTX5oqnbqtpxcYtc-CxARdQQ7-Sdpl49F1O61t-R3PpLEfGv1uXmCaxtRnNZIy1upWcNSowTv1fVDSGLFpDmeoKWS1ASt5fCzuZQA0oeXelgiQwH1tFoImqyMdVgoJgmZ8yVwKcRYT4lXdnsdEewh3He_6gUr1fkGMtk5racZgja7-8r1_9AmQhxvIDgCENgDxkM8G8bZmTlvZvgZxhU70RXksa15UKNlu_FQ0FJMt_v0RygS3WB8iwQheThLwhV9enhxzt-jL9QhSubMY_ny4XNcoBZW9OzghLEtdN9dyDwXnm9M70GwuHyePdMm0a2uqZo4Sn40ya_DH8se2GsT1Zj7r2aBfWbSDSjKsPdEbXGsymot3OEUIHmST1WD4ouYMS3trX6VcE75tohX08FG453Cn0sj7B1btUrQZSbsxzqjwqmltavmp36Voe6_z361jmUamYO0Ja8Riwen8fy6-4rbwjgVg0dUdtVnVmIabZxXj652idRZyaRycanq76jp9gt6g6uZvbt2u3tZlzk3jpJRbIcR4vVBkXszROpnUeRiiWj6bapujswVhtyeembeIvrSXXISp3_I3j09Z0mFOJog4mgi51lgSvOIYQfBdYf39uBqp1eOJjajiqnWe1gF3VWhOMfhk5QYqxq4nin8B37r5jJQ2BvcBW1fwjR61s_dOyu4bW6gqb3pUqU3wbz-dykoqJ80I3X9Jx7xS8_8nJ5-lWSjrzmev7axWlXufsp2Bn0w1lqRx_fa4M0ZIad4tr91WXc258SXsvV1zlVQIRawfdYa4d17_pZ6Ufu-6i9bQoStQZzbzv941hmRUaSrZllB8SxhdjyIenoj6nz6h2v6mW3Y7z0MBjYh__6pZYjadkRfShzb6Wd1nFh34h6Zkm35uMztjudXgtFaoOw5stRQywktqISb9zZkeWpVwqYI1OaIhRMJIsskwaV0M-VzWU-theJq1eZpXj",
    "id_token": null,
    "token_expiry": "2024-11-17T13:40:39Z"
  },
  "sentinels": {
    "config_sentinel": "/home/jupyter/.config/gcloud/config_sentinel"
  }
}
2024-11-17 12:41:27,962 INFO     ___FILE_ONLY___ 

2024-11-17 12:41:27,962 DEBUG    root            SDK update checks are disabled.
