2024-11-22 17:14:28,085 DEBUG    root            Loaded Command Group: ['gcloud', 'config']
2024-11-22 17:14:28,087 DEBUG    root            Loaded Command Group: ['gcloud', 'config', 'config_helper']
2024-11-22 17:14:28,090 DEBUG    root            Running [gcloud.config.config-helper] with arguments: [--format: "json", --min-expiry: "1800"]
2024-11-22 17:14:28,100 DEBUG    root            Chosen display Format:default json
2024-11-22 17:14:28,101 INFO     root            Display format: "default json"
2024-11-22 17:14:28,114 INFO     ___FILE_ONLY___ {
  "configuration": {
    "active_configuration": "default",
    "properties": {
      "compute": {
        "region": "asia-south1"
      },
      "core": {
        "account": "44676487926-compute@developer.gserviceaccount.com",
        "disable_usage_reporting": "True",
        "project": "trading-signals-proj"
      },
      "dataproc": {
        "region": "asia-south1"
      }
    }
  },
  "credential": {
    "access_token": "ya29.c.c0ASRK0GaCSAHDqKeeTja0JYR-YEsZgx9fXCcvutBbrLacri61FoBob5KfBYSDRzI9B_d2O8eTUZHl3LofOBS5AYUTL-pBRaxHNXxaJzsMex_lLmf3_ttn-zqtwZIQl83oRy1AHBXXSbLxy_bdU1GM96ZrlmhqNOKiRv-R26cIkmSs9sYEfAVtHZQoVsqw9fBla8PpdZpb00eNpiZpm9Ar9PGqaEe72R3NmcpHKrpJ8qxMF-xFNNwijPfPYWXzA386pnhHB-6jtyCvKzsYobLpQfFZhkhqYiROGPYX7HOfqZcU540WMdOeklcp8hJDwBx3PWcvnMZ6Fe8louxHfhu8wrVdyhi4NhfM8lGSuxLaBQLVtCgpZeE6jpMlIrg3J6wCv5u4rvxu6etmCE4wOwPVy71I3IxEx3a0U75I5CSQ0fLBndMCuoKir2oqcbMAL453PUIR30zZ8UXeJb85uOmsh4IOuh7Z6pXderIf6ynnsVX2lWt8gVzS8FbfpmzZ4Rii8FId8Iw9-lttWpvm0FpsI2OyIx3Rt5h1voXidvJpvBlnvMSJtZw4zlYho9f_h5bSg544dhZXg8mZl1nV9yt2qU9uzanFI54MdQI92RFryWb3Bajb3My-1wjidauc3sxmJizhyn8IaJ7IqayXJSV--19lSrXQMuhB6jzi1k5Xi7bv9lcfaaf9JI-6Ox1qmn9epFpkFRBfVczfehVOjx0k5RUkF2RwI1fWMZR94gewM2Ou3_6Rohmpjndf9wWhJ8z0jY-SqWBxW5X2nctqjfgOcFF28YogFZW2-ozOIosgZIyodXIffwuV-o2cSQwMQI2cBxoi_SOyxt9m4560BYIoaeflSU-Rnr_Rc6XqVZ-IdcmxQ27XakU-MSmYwvsQvs3Mex3epO85vjOUmYr1Se3w9SgYhw2hMSwnWwb23xar13I-WztyBrXsy-RzSoFV2v3_rjVJUjaupw7tzxI0JnrW8b3jdOZRaBMVrSubSgVJlcsigI7rinSooFU",
    "id_token": null,
    "token_expiry": "2024-11-22T18:13:39Z"
  },
  "sentinels": {
    "config_sentinel": "/home/jupyter/.config/gcloud/config_sentinel"
  }
}
2024-11-22 17:14:28,115 INFO     ___FILE_ONLY___ 

2024-11-22 17:14:28,115 DEBUG    root            SDK update checks are disabled.
